Using pre-set license
Built from '2020.3/staging' branch; Version is '2020.3.13f1 (71691879b7f5) revision 7432472'; Using compiler version '192528614'; Build Type 'Release'
OS: 'Windows 10 Home; OS build 19042.1237; Version 2009; 64bit' Language: 'en' Physical Memory: 16057 MB
BatchMode: 1, IsHumanControllingUs: 0, StartBugReporterOnCrash: 0, Is64bit: 1, IsPro: 0

 COMMAND LINE ARGUMENTS:
C:\Program Files\Unity\Hub\Editor\2020.3.13f1\Editor\Unity.exe
-adb2
-batchMode
-noUpm
-name
AssetImportWorker0
-projectPath
C:/Users/devon/Desktop/flopRocket3D/Flop Rocket 3D
-logFile
Logs/AssetImportWorker0.log
-srvPort
49891
Successfully changed project path to: C:/Users/devon/Desktop/flopRocket3D/Flop Rocket 3D
C:/Users/devon/Desktop/flopRocket3D/Flop Rocket 3D
Using Asset Import Pipeline V2.
Refreshing native plugins compatible for Editor in 83.58 ms, found 2 plugins.
Preloading 0 native plugins for Editor in 0.00 ms.
Initialize engine version: 2020.3.13f1 (71691879b7f5)
[Subsystems] Discovering subsystems at path C:/Program Files/Unity/Hub/Editor/2020.3.13f1/Editor/Data/Resources/UnitySubsystems
[Subsystems] Discovering subsystems at path C:/Users/devon/Desktop/flopRocket3D/Flop Rocket 3D/Assets
GfxDevice: creating device client; threaded=0
Direct3D:
    Version:  Direct3D 11.0 [level 11.1]
    Renderer: Intel(R) Iris(R) Xe Graphics (ID=0x9a49)
    Vendor:   
    VRAM:     8028 MB
    Driver:   27.20.100.9415
Initialize mono
Mono path[0] = 'C:/Program Files/Unity/Hub/Editor/2020.3.13f1/Editor/Data/Managed'
Mono path[1] = 'C:/Program Files/Unity/Hub/Editor/2020.3.13f1/Editor/Data/MonoBleedingEdge/lib/mono/unityjit'
Mono config path = 'C:/Program Files/Unity/Hub/Editor/2020.3.13f1/Editor/Data/MonoBleedingEdge/etc'
Using monoOptions --debugger-agent=transport=dt_socket,embedding=1,server=y,suspend=n,address=127.0.0.1:56604
Begin MonoManager ReloadAssembly
Registering precompiled unity dll's ...
Register platform support module: C:/Program Files/Unity/Hub/Editor/2020.3.13f1/Editor/Data/PlaybackEngines/WindowsStandaloneSupport/UnityEditor.WindowsStandalone.Extensions.dll
Registered in 0.009424 seconds.
Native extension for WindowsStandalone target not found
Refreshing native plugins compatible for Editor in 117.13 ms, found 2 plugins.
Preloading 0 native plugins for Editor in 0.00 ms.
Mono: successfully reloaded assembly
- Completed reload, in  7.595 seconds
Platform modules already initialized, skipping
Registering precompiled user dll's ...
Registered in 0.018001 seconds.
Begin MonoManager ReloadAssembly
Native extension for WindowsStandalone target not found
Refreshing native plugins compatible for Editor in 0.89 ms, found 2 plugins.
Preloading 0 native plugins for Editor in 0.00 ms.
Mono: successfully reloaded assembly
- Completed reload, in  4.300 seconds
Platform modules already initialized, skipping
========================================================================
Worker process is ready to serve import requests
Launched and connected shader compiler UnityShaderCompiler.exe after 0.15 seconds
Refreshing native plugins compatible for Editor in 0.62 ms, found 2 plugins.
Preloading 0 native plugins for Editor in 0.00 ms.
Unloading 1392 Unused Serialized files (Serialized files now loaded: 0)
System memory in use before: 64.8 MB.
System memory in use after: 64.9 MB.

Unloading 19 unused Assets to reduce memory usage. Loaded Objects now: 1825.
Total: 7.894500 ms (FindLiveObjects: 0.508800 ms CreateObjectMapping: 0.267900 ms MarkObjects: 6.811300 ms  DeleteObjects: 0.293400 ms)

AssetImportParameters requested are different than current active one (requested -> active):
  custom:framework-win-MediaFoundation: 216162199b28c13a410421893ffa2e32 -> 
  custom:video-decoder-ogg-theora: a1e56fd34408186e4bbccfd4996cb3dc -> 
  custom:container-muxer-webm: aa71ff27fc2769a1b78a27578f13a17b -> 
  custom:container-demuxer-webm: 4f35f7cbe854078d1ac9338744f61a02 -> 
  custom:container-demuxer-ogg: 62fdf1f143b41e24485cea50d1cbac27 -> 
  custom:video-encoder-webm-vp8: eb34c28f22e8b96e1ab97ce403110664 -> 
  custom:video-codec-MediaFoundation-h265: 746d11721c4dcdbdad8f713fa42b33f4 -> 
  custom:video-decoder-webm-vp8: 9c59270c3fd7afecdb556c50c9e8de78 -> 
  custom:audio-decoder-ogg-vorbis: bf7c407c2cedff20999df2af8eb42d56 -> 
  custom:audio-encoder-webm-vorbis: bf7c407c2cedff20999df2af8eb42d56 -> 
========================================================================
Received Import Request.
  path: Assets/Materials/New Material.mat
  artifactKey: Guid(735ee10e94cb52f4982d868b4925593a) Importer(815301076,1909f56bfc062723c751e8b465ee728b)
Start importing Assets/Materials/New Material.mat using Guid(735ee10e94cb52f4982d868b4925593a) Importer(815301076,1909f56bfc062723c751e8b465ee728b)  -> (artifact id: '1fa22120e047f6a77241c8623ea3830e') in 0.572250 seconds 
  Import took 0.584817 seconds .

========================================================================
Received Prepare
Registering precompiled user dll's ...
Registered in 0.004439 seconds.
Begin MonoManager ReloadAssembly
Native extension for WindowsStandalone target not found
Refreshing native plugins compatible for Editor in 0.25 ms, found 2 plugins.
Preloading 0 native plugins for Editor in 0.00 ms.
Mono: successfully reloaded assembly
- Completed reload, in  0.728 seconds
Platform modules already initialized, skipping
Refreshing native plugins compatible for Editor in 0.29 ms, found 2 plugins.
Preloading 0 native plugins for Editor in 0.00 ms.
Unloading 1387 Unused Serialized files (Serialized files now loaded: 0)
System memory in use before: 68.1 MB.
System memory in use after: 68.2 MB.

Unloading 14 unused Assets to reduce memory usage. Loaded Objects now: 1868.
Total: 1.808100 ms (FindLiveObjects: 0.123200 ms CreateObjectMapping: 0.031100 ms MarkObjects: 1.594300 ms  DeleteObjects: 0.057600 ms)

AssetImportParameters requested are different than current active one (requested -> active):
  custom:framework-win-MediaFoundation: 216162199b28c13a410421893ffa2e32 -> 
  custom:video-decoder-ogg-theora: a1e56fd34408186e4bbccfd4996cb3dc -> 
  custom:container-muxer-webm: aa71ff27fc2769a1b78a27578f13a17b -> 
  custom:container-demuxer-webm: 4f35f7cbe854078d1ac9338744f61a02 -> 
  custom:container-demuxer-ogg: 62fdf1f143b41e24485cea50d1cbac27 -> 
  custom:video-encoder-webm-vp8: eb34c28f22e8b96e1ab97ce403110664 -> 
  custom:video-codec-MediaFoundation-h265: 746d11721c4dcdbdad8f713fa42b33f4 -> 
  custom:video-decoder-webm-vp8: 9c59270c3fd7afecdb556c50c9e8de78 -> 
  custom:audio-decoder-ogg-vorbis: bf7c407c2cedff20999df2af8eb42d56 -> 
  custom:audio-encoder-webm-vorbis: bf7c407c2cedff20999df2af8eb42d56 -> 
========================================================================
Received Import Request.
  Time since last request: 616.478133 seconds.
  path: Assets/Materials/DarkSky.mat
  artifactKey: Guid(735ee10e94cb52f4982d868b4925593a) Importer(815301076,1909f56bfc062723c751e8b465ee728b)
Start importing Assets/Materials/DarkSky.mat using Guid(735ee10e94cb52f4982d868b4925593a) Importer(815301076,1909f56bfc062723c751e8b465ee728b)  -> (artifact id: 'f884ee95f8530cd57f17433c8e07c296') in 0.047416 seconds 
  Import took 0.049755 seconds .

========================================================================
Received Prepare
Registering precompiled user dll's ...
Registered in 0.013823 seconds.
Begin MonoManager ReloadAssembly
Native extension for WindowsStandalone target not found
Refreshing native plugins compatible for Editor in 0.82 ms, found 2 plugins.
Preloading 0 native plugins for Editor in 0.00 ms.
Mono: successfully reloaded assembly
- Completed reload, in  3.808 seconds
Platform modules already initialized, skipping
Refreshing native plugins compatible for Editor in 1.03 ms, found 2 plugins.
Preloading 0 native plugins for Editor in 0.00 ms.
Unloading 1387 Unused Serialized files (Serialized files now loaded: 0)
System memory in use before: 68.1 MB.
System memory in use after: 68.2 MB.

Unloading 14 unused Assets to reduce memory usage. Loaded Objects now: 1872.
Total: 8.076600 ms (FindLiveObjects: 0.310800 ms CreateObjectMapping: 0.096600 ms MarkObjects: 7.508600 ms  DeleteObjects: 0.155900 ms)

AssetImportParameters requested are different than current active one (requested -> active):
  custom:framework-win-MediaFoundation: 216162199b28c13a410421893ffa2e32 -> 
  custom:video-decoder-ogg-theora: a1e56fd34408186e4bbccfd4996cb3dc -> 
  custom:container-muxer-webm: aa71ff27fc2769a1b78a27578f13a17b -> 
  custom:container-demuxer-webm: 4f35f7cbe854078d1ac9338744f61a02 -> 
  custom:container-demuxer-ogg: 62fdf1f143b41e24485cea50d1cbac27 -> 
  custom:video-encoder-webm-vp8: eb34c28f22e8b96e1ab97ce403110664 -> 
  custom:video-codec-MediaFoundation-h265: 746d11721c4dcdbdad8f713fa42b33f4 -> 
  custom:video-decoder-webm-vp8: 9c59270c3fd7afecdb556c50c9e8de78 -> 
  custom:audio-decoder-ogg-vorbis: bf7c407c2cedff20999df2af8eb42d56 -> 
  custom:audio-encoder-webm-vorbis: bf7c407c2cedff20999df2af8eb42d56 -> 
========================================================================
Received Prepare
Registering precompiled user dll's ...
Registered in 0.004336 seconds.
Begin MonoManager ReloadAssembly
Native extension for WindowsStandalone target not found
Refreshing native plugins compatible for Editor in 0.32 ms, found 2 plugins.
Preloading 0 native plugins for Editor in 0.00 ms.
Mono: successfully reloaded assembly
- Completed reload, in  1.954 seconds
Platform modules already initialized, skipping
Refreshing native plugins compatible for Editor in 0.50 ms, found 2 plugins.
Preloading 0 native plugins for Editor in 0.00 ms.
Unloading 1387 Unused Serialized files (Serialized files now loaded: 0)
System memory in use before: 68.1 MB.
System memory in use after: 68.2 MB.

Unloading 14 unused Assets to reduce memory usage. Loaded Objects now: 1875.
Total: 3.162900 ms (FindLiveObjects: 0.176200 ms CreateObjectMapping: 0.055500 ms MarkObjects: 2.848600 ms  DeleteObjects: 0.080600 ms)

AssetImportParameters requested are different than current active one (requested -> active):
  custom:framework-win-MediaFoundation: 216162199b28c13a410421893ffa2e32 -> 
  custom:video-decoder-ogg-theora: a1e56fd34408186e4bbccfd4996cb3dc -> 
  custom:container-muxer-webm: aa71ff27fc2769a1b78a27578f13a17b -> 
  custom:container-demuxer-webm: 4f35f7cbe854078d1ac9338744f61a02 -> 
  custom:container-demuxer-ogg: 62fdf1f143b41e24485cea50d1cbac27 -> 
  custom:video-encoder-webm-vp8: eb34c28f22e8b96e1ab97ce403110664 -> 
  custom:video-codec-MediaFoundation-h265: 746d11721c4dcdbdad8f713fa42b33f4 -> 
  custom:video-decoder-webm-vp8: 9c59270c3fd7afecdb556c50c9e8de78 -> 
  custom:audio-decoder-ogg-vorbis: bf7c407c2cedff20999df2af8eb42d56 -> 
  custom:audio-encoder-webm-vorbis: bf7c407c2cedff20999df2af8eb42d56 -> 
========================================================================
Received Prepare
Registering precompiled user dll's ...
Registered in 0.005162 seconds.
Begin MonoManager ReloadAssembly
Native extension for WindowsStandalone target not found
Refreshing native plugins compatible for Editor in 0.24 ms, found 2 plugins.
Preloading 0 native plugins for Editor in 0.00 ms.
Mono: successfully reloaded assembly
- Completed reload, in  0.745 seconds
Platform modules already initialized, skipping
Refreshing native plugins compatible for Editor in 0.38 ms, found 2 plugins.
Preloading 0 native plugins for Editor in 0.00 ms.
Unloading 1387 Unused Serialized files (Serialized files now loaded: 0)
System memory in use before: 68.2 MB.
System memory in use after: 68.2 MB.

Unloading 14 unused Assets to reduce memory usage. Loaded Objects now: 1878.
Total: 1.609200 ms (FindLiveObjects: 0.106400 ms CreateObjectMapping: 0.029000 ms MarkObjects: 1.413600 ms  DeleteObjects: 0.059400 ms)

AssetImportParameters requested are different than current active one (requested -> active):
  custom:framework-win-MediaFoundation: 216162199b28c13a410421893ffa2e32 -> 
  custom:video-decoder-ogg-theora: a1e56fd34408186e4bbccfd4996cb3dc -> 
  custom:container-muxer-webm: aa71ff27fc2769a1b78a27578f13a17b -> 
  custom:container-demuxer-webm: 4f35f7cbe854078d1ac9338744f61a02 -> 
  custom:container-demuxer-ogg: 62fdf1f143b41e24485cea50d1cbac27 -> 
  custom:video-encoder-webm-vp8: eb34c28f22e8b96e1ab97ce403110664 -> 
  custom:video-codec-MediaFoundation-h265: 746d11721c4dcdbdad8f713fa42b33f4 -> 
  custom:video-decoder-webm-vp8: 9c59270c3fd7afecdb556c50c9e8de78 -> 
  custom:audio-decoder-ogg-vorbis: bf7c407c2cedff20999df2af8eb42d56 -> 
  custom:audio-encoder-webm-vorbis: bf7c407c2cedff20999df2af8eb42d56 -> 
========================================================================
Received Prepare
Registering precompiled user dll's ...
Registered in 0.002557 seconds.
Begin MonoManager ReloadAssembly
Native extension for WindowsStandalone target not found
Refreshing native plugins compatible for Editor in 0.23 ms, found 2 plugins.
Preloading 0 native plugins for Editor in 0.00 ms.
Mono: successfully reloaded assembly
- Completed reload, in  0.748 seconds
Platform modules already initialized, skipping
Refreshing native plugins compatible for Editor in 0.24 ms, found 2 plugins.
Preloading 0 native plugins for Editor in 0.00 ms.
Unloading 1387 Unused Serialized files (Serialized files now loaded: 0)
System memory in use before: 68.2 MB.
System memory in use after: 68.2 MB.

Unloading 14 unused Assets to reduce memory usage. Loaded Objects now: 1881.
Total: 1.605200 ms (FindLiveObjects: 0.094100 ms CreateObjectMapping: 0.022400 ms MarkObjects: 1.430500 ms  DeleteObjects: 0.057500 ms)

AssetImportParameters requested are different than current active one (requested -> active):
  custom:framework-win-MediaFoundation: 216162199b28c13a410421893ffa2e32 -> 
  custom:video-decoder-ogg-theora: a1e56fd34408186e4bbccfd4996cb3dc -> 
  custom:container-muxer-webm: aa71ff27fc2769a1b78a27578f13a17b -> 
  custom:container-demuxer-webm: 4f35f7cbe854078d1ac9338744f61a02 -> 
  custom:container-demuxer-ogg: 62fdf1f143b41e24485cea50d1cbac27 -> 
  custom:video-encoder-webm-vp8: eb34c28f22e8b96e1ab97ce403110664 -> 
  custom:video-codec-MediaFoundation-h265: 746d11721c4dcdbdad8f713fa42b33f4 -> 
  custom:video-decoder-webm-vp8: 9c59270c3fd7afecdb556c50c9e8de78 -> 
  custom:audio-decoder-ogg-vorbis: bf7c407c2cedff20999df2af8eb42d56 -> 
  custom:audio-encoder-webm-vorbis: bf7c407c2cedff20999df2af8eb42d56 -> 
========================================================================
Received Prepare
Registering precompiled user dll's ...
Registered in 0.002071 seconds.
Begin MonoManager ReloadAssembly
Native extension for WindowsStandalone target not found
Refreshing native plugins compatible for Editor in 0.25 ms, found 2 plugins.
Preloading 0 native plugins for Editor in 0.00 ms.
Mono: successfully reloaded assembly
- Completed reload, in  0.732 seconds
Platform modules already initialized, skipping
Refreshing native plugins compatible for Editor in 0.32 ms, found 2 plugins.
Preloading 0 native plugins for Editor in 0.00 ms.
Unloading 1387 Unused Serialized files (Serialized files now loaded: 0)
System memory in use before: 68.2 MB.
System memory in use after: 68.3 MB.

Unloading 14 unused Assets to reduce memory usage. Loaded Objects now: 1884.
Total: 2.274800 ms (FindLiveObjects: 0.103100 ms CreateObjectMapping: 0.027600 ms MarkObjects: 2.083500 ms  DeleteObjects: 0.059500 ms)

AssetImportParameters requested are different than current active one (requested -> active):
  custom:framework-win-MediaFoundation: 216162199b28c13a410421893ffa2e32 -> 
  custom:video-decoder-ogg-theora: a1e56fd34408186e4bbccfd4996cb3dc -> 
  custom:container-muxer-webm: aa71ff27fc2769a1b78a27578f13a17b -> 
  custom:container-demuxer-webm: 4f35f7cbe854078d1ac9338744f61a02 -> 
  custom:container-demuxer-ogg: 62fdf1f143b41e24485cea50d1cbac27 -> 
  custom:video-encoder-webm-vp8: eb34c28f22e8b96e1ab97ce403110664 -> 
  custom:video-codec-MediaFoundation-h265: 746d11721c4dcdbdad8f713fa42b33f4 -> 
  custom:video-decoder-webm-vp8: 9c59270c3fd7afecdb556c50c9e8de78 -> 
  custom:audio-decoder-ogg-vorbis: bf7c407c2cedff20999df2af8eb42d56 -> 
  custom:audio-encoder-webm-vorbis: bf7c407c2cedff20999df2af8eb42d56 -> 
========================================================================
Received Prepare
Registering precompiled user dll's ...
Registered in 0.012656 seconds.
Begin MonoManager ReloadAssembly
Native extension for WindowsStandalone target not found
Refreshing native plugins compatible for Editor in 0.55 ms, found 2 plugins.
Preloading 0 native plugins for Editor in 0.00 ms.
Mono: successfully reloaded assembly
- Completed reload, in  1.817 seconds
Platform modules already initialized, skipping
Refreshing native plugins compatible for Editor in 0.31 ms, found 2 plugins.
Preloading 0 native plugins for Editor in 0.00 ms.
Unloading 1387 Unused Serialized files (Serialized files now loaded: 0)
System memory in use before: 68.2 MB.
System memory in use after: 68.3 MB.

Unloading 14 unused Assets to reduce memory usage. Loaded Objects now: 1887.
Total: 1.935300 ms (FindLiveObjects: 0.128800 ms CreateObjectMapping: 0.034900 ms MarkObjects: 1.716600 ms  DeleteObjects: 0.053700 ms)

AssetImportParameters requested are different than current active one (requested -> active):
  custom:framework-win-MediaFoundation: 216162199b28c13a410421893ffa2e32 -> 
  custom:video-decoder-ogg-theora: a1e56fd34408186e4bbccfd4996cb3dc -> 
  custom:container-muxer-webm: aa71ff27fc2769a1b78a27578f13a17b -> 
  custom:container-demuxer-webm: 4f35f7cbe854078d1ac9338744f61a02 -> 
  custom:container-demuxer-ogg: 62fdf1f143b41e24485cea50d1cbac27 -> 
  custom:video-encoder-webm-vp8: eb34c28f22e8b96e1ab97ce403110664 -> 
  custom:video-codec-MediaFoundation-h265: 746d11721c4dcdbdad8f713fa42b33f4 -> 
  custom:video-decoder-webm-vp8: 9c59270c3fd7afecdb556c50c9e8de78 -> 
  custom:audio-decoder-ogg-vorbis: bf7c407c2cedff20999df2af8eb42d56 -> 
  custom:audio-encoder-webm-vorbis: bf7c407c2cedff20999df2af8eb42d56 -> 
========================================================================
Received Prepare
Registering precompiled user dll's ...
Registered in 0.002411 seconds.
Begin MonoManager ReloadAssembly
Native extension for WindowsStandalone target not found
Refreshing native plugins compatible for Editor in 0.32 ms, found 2 plugins.
Preloading 0 native plugins for Editor in 0.00 ms.
Mono: successfully reloaded assembly
- Completed reload, in  1.197 seconds
Platform modules already initialized, skipping
Refreshing native plugins compatible for Editor in 0.77 ms, found 2 plugins.
Preloading 0 native plugins for Editor in 0.00 ms.
Unloading 1387 Unused Serialized files (Serialized files now loaded: 0)
System memory in use before: 68.2 MB.
System memory in use after: 68.3 MB.

Unloading 14 unused Assets to reduce memory usage. Loaded Objects now: 1890.
Total: 12.626100 ms (FindLiveObjects: 0.424100 ms CreateObjectMapping: 0.152400 ms MarkObjects: 11.878600 ms  DeleteObjects: 0.167100 ms)

AssetImportParameters requested are different than current active one (requested -> active):
  custom:framework-win-MediaFoundation: 216162199b28c13a410421893ffa2e32 -> 
  custom:video-decoder-ogg-theora: a1e56fd34408186e4bbccfd4996cb3dc -> 
  custom:container-muxer-webm: aa71ff27fc2769a1b78a27578f13a17b -> 
  custom:container-demuxer-webm: 4f35f7cbe854078d1ac9338744f61a02 -> 
  custom:container-demuxer-ogg: 62fdf1f143b41e24485cea50d1cbac27 -> 
  custom:video-encoder-webm-vp8: eb34c28f22e8b96e1ab97ce403110664 -> 
  custom:video-codec-MediaFoundation-h265: 746d11721c4dcdbdad8f713fa42b33f4 -> 
  custom:video-decoder-webm-vp8: 9c59270c3fd7afecdb556c50c9e8de78 -> 
  custom:audio-decoder-ogg-vorbis: bf7c407c2cedff20999df2af8eb42d56 -> 
  custom:audio-encoder-webm-vorbis: bf7c407c2cedff20999df2af8eb42d56 -> 
========================================================================
Received Prepare
Registering precompiled user dll's ...
Registered in 0.714498 seconds.
Begin MonoManager ReloadAssembly
Native extension for WindowsStandalone target not found
Refreshing native plugins compatible for Editor in 0.89 ms, found 2 plugins.
Preloading 0 native plugins for Editor in 0.00 ms.
Mono: successfully reloaded assembly
- Completed reload, in  4.465 seconds
Platform modules already initialized, skipping
Refreshing native plugins compatible for Editor in 0.95 ms, found 2 plugins.
Preloading 0 native plugins for Editor in 0.00 ms.
Unloading 1387 Unused Serialized files (Serialized files now loaded: 0)
System memory in use before: 68.2 MB.
System memory in use after: 68.3 MB.

Unloading 14 unused Assets to reduce memory usage. Loaded Objects now: 1893.
Total: 7.906400 ms (FindLiveObjects: 0.358400 ms CreateObjectMapping: 0.120500 ms MarkObjects: 7.214800 ms  DeleteObjects: 0.206100 ms)

AssetImportParameters requested are different than current active one (requested -> active):
  custom:framework-win-MediaFoundation: 216162199b28c13a410421893ffa2e32 -> 
  custom:video-decoder-ogg-theora: a1e56fd34408186e4bbccfd4996cb3dc -> 
  custom:container-muxer-webm: aa71ff27fc2769a1b78a27578f13a17b -> 
  custom:container-demuxer-webm: 4f35f7cbe854078d1ac9338744f61a02 -> 
  custom:container-demuxer-ogg: 62fdf1f143b41e24485cea50d1cbac27 -> 
  custom:video-encoder-webm-vp8: eb34c28f22e8b96e1ab97ce403110664 -> 
  custom:video-codec-MediaFoundation-h265: 746d11721c4dcdbdad8f713fa42b33f4 -> 
  custom:video-decoder-webm-vp8: 9c59270c3fd7afecdb556c50c9e8de78 -> 
  custom:audio-decoder-ogg-vorbis: bf7c407c2cedff20999df2af8eb42d56 -> 
  custom:audio-encoder-webm-vorbis: bf7c407c2cedff20999df2af8eb42d56 -> 
========================================================================
Received Prepare
Registering precompiled user dll's ...
Registered in 0.002389 seconds.
Begin MonoManager ReloadAssembly
Native extension for WindowsStandalone target not found
Refreshing native plugins compatible for Editor in 0.40 ms, found 2 plugins.
Preloading 0 native plugins for Editor in 0.00 ms.
Mono: successfully reloaded assembly
- Completed reload, in  0.777 seconds
Platform modules already initialized, skipping
Refreshing native plugins compatible for Editor in 0.44 ms, found 2 plugins.
Preloading 0 native plugins for Editor in 0.00 ms.
Unloading 1387 Unused Serialized files (Serialized files now loaded: 0)
System memory in use before: 68.2 MB.
System memory in use after: 68.3 MB.

Unloading 14 unused Assets to reduce memory usage. Loaded Objects now: 1896.
Total: 1.672800 ms (FindLiveObjects: 0.133300 ms CreateObjectMapping: 0.037700 ms MarkObjects: 1.452800 ms  DeleteObjects: 0.047900 ms)

AssetImportParameters requested are different than current active one (requested -> active):
  custom:framework-win-MediaFoundation: 216162199b28c13a410421893ffa2e32 -> 
  custom:video-decoder-ogg-theora: a1e56fd34408186e4bbccfd4996cb3dc -> 
  custom:container-muxer-webm: aa71ff27fc2769a1b78a27578f13a17b -> 
  custom:container-demuxer-webm: 4f35f7cbe854078d1ac9338744f61a02 -> 
  custom:container-demuxer-ogg: 62fdf1f143b41e24485cea50d1cbac27 -> 
  custom:video-encoder-webm-vp8: eb34c28f22e8b96e1ab97ce403110664 -> 
  custom:video-codec-MediaFoundation-h265: 746d11721c4dcdbdad8f713fa42b33f4 -> 
  custom:video-decoder-webm-vp8: 9c59270c3fd7afecdb556c50c9e8de78 -> 
  custom:audio-decoder-ogg-vorbis: bf7c407c2cedff20999df2af8eb42d56 -> 
  custom:audio-encoder-webm-vorbis: bf7c407c2cedff20999df2af8eb42d56 -> 
========================================================================
Received Import Request.
  Time since last request: 8090.722255 seconds.
  path: Assets/Materials/outerspace.jpg
  artifactKey: Guid(b7a04a246a2bab541a4e117060fb62a1) Importer(815301076,1909f56bfc062723c751e8b465ee728b)
Start importing Assets/Materials/outerspace.jpg using Guid(b7a04a246a2bab541a4e117060fb62a1) Importer(815301076,1909f56bfc062723c751e8b465ee728b)  -> (artifact id: '81ad9cf746e8aa61d8a74e06af2b2b9c') in 0.072461 seconds 
  Import took 0.074686 seconds .

========================================================================
Received Import Request.
  Time since last request: 52.677924 seconds.
  path: Assets/Materials/outerspace.jpg
  artifactKey: Guid(b7a04a246a2bab541a4e117060fb62a1) Importer(815301076,1909f56bfc062723c751e8b465ee728b)
Start importing Assets/Materials/outerspace.jpg using Guid(b7a04a246a2bab541a4e117060fb62a1) Importer(815301076,1909f56bfc062723c751e8b465ee728b)  -> (artifact id: '0864f61e0bd34894eed16a12918efad4') in 0.124646 seconds 
  Import took 0.126806 seconds .

========================================================================
Received Import Request.
  Time since last request: 9.014646 seconds.
  path: Assets/Materials/New Material.mat
  artifactKey: Guid(e98c6f61212742f4991110b704729ab6) Importer(815301076,1909f56bfc062723c751e8b465ee728b)
Start importing Assets/Materials/New Material.mat using Guid(e98c6f61212742f4991110b704729ab6) Importer(815301076,1909f56bfc062723c751e8b465ee728b)  -> (artifact id: '00b5fcdf7befebe65ac0b45095105462') in 0.023743 seconds 
  Import took 0.026806 seconds .

========================================================================
Received Prepare
Registering precompiled user dll's ...
Registered in 0.003236 seconds.
Begin MonoManager ReloadAssembly
Native extension for WindowsStandalone target not found
Refreshing native plugins compatible for Editor in 0.39 ms, found 2 plugins.
Preloading 0 native plugins for Editor in 0.00 ms.
Mono: successfully reloaded assembly
- Completed reload, in  0.726 seconds
Platform modules already initialized, skipping
Refreshing native plugins compatible for Editor in 0.25 ms, found 2 plugins.
Preloading 0 native plugins for Editor in 0.00 ms.
Unloading 1387 Unused Serialized files (Serialized files now loaded: 0)
System memory in use before: 68.3 MB.
System memory in use after: 68.4 MB.

Unloading 14 unused Assets to reduce memory usage. Loaded Objects now: 1904.
Total: 1.493300 ms (FindLiveObjects: 0.107600 ms CreateObjectMapping: 0.032400 ms MarkObjects: 1.289700 ms  DeleteObjects: 0.062400 ms)

AssetImportParameters requested are different than current active one (requested -> active):
  custom:framework-win-MediaFoundation: 216162199b28c13a410421893ffa2e32 -> 
  custom:video-decoder-ogg-theora: a1e56fd34408186e4bbccfd4996cb3dc -> 
  custom:container-muxer-webm: aa71ff27fc2769a1b78a27578f13a17b -> 
  custom:container-demuxer-webm: 4f35f7cbe854078d1ac9338744f61a02 -> 
  custom:container-demuxer-ogg: 62fdf1f143b41e24485cea50d1cbac27 -> 
  custom:video-encoder-webm-vp8: eb34c28f22e8b96e1ab97ce403110664 -> 
  custom:video-codec-MediaFoundation-h265: 746d11721c4dcdbdad8f713fa42b33f4 -> 
  custom:video-decoder-webm-vp8: 9c59270c3fd7afecdb556c50c9e8de78 -> 
  custom:audio-decoder-ogg-vorbis: bf7c407c2cedff20999df2af8eb42d56 -> 
  custom:audio-encoder-webm-vorbis: bf7c407c2cedff20999df2af8eb42d56 -> 
========================================================================
Received Import Request.
  Time since last request: 484.394222 seconds.
  path: Assets/Materials/starsky.jfif
  artifactKey: Guid(3bcf00a37e4c3ed4eb04bb655a7d80c3) Importer(815301076,1909f56bfc062723c751e8b465ee728b)
Start importing Assets/Materials/starsky.jfif using Guid(3bcf00a37e4c3ed4eb04bb655a7d80c3) Importer(815301076,1909f56bfc062723c751e8b465ee728b)  -> (artifact id: '4069ba3358b22dd2b4836c469d39cc27') in 0.016801 seconds 
  Import took 0.018705 seconds .

========================================================================
Received Import Request.
  Time since last request: 176.530073 seconds.
  path: Assets/Materials/Proyecto_Marvid.jpg
  artifactKey: Guid(5c6bf348fdb78a04c83fa4589fd0eff8) Importer(815301076,1909f56bfc062723c751e8b465ee728b)
Start importing Assets/Materials/Proyecto_Marvid.jpg using Guid(5c6bf348fdb78a04c83fa4589fd0eff8) Importer(815301076,1909f56bfc062723c751e8b465ee728b)  -> (artifact id: 'c8396681479d8978c2253ed334f2ce15') in 0.028637 seconds 
  Import took 0.030855 seconds .

========================================================================
Received Import Request.
  Time since last request: 22.444486 seconds.
  path: Assets/Materials/Proyecto_Marvid.jpg
  artifactKey: Guid(5c6bf348fdb78a04c83fa4589fd0eff8) Importer(815301076,1909f56bfc062723c751e8b465ee728b)
Start importing Assets/Materials/Proyecto_Marvid.jpg using Guid(5c6bf348fdb78a04c83fa4589fd0eff8) Importer(815301076,1909f56bfc062723c751e8b465ee728b)  -> (artifact id: 'd486a0b1b3809612547f0877068d0f80') in 0.029843 seconds 
  Import took 0.032166 seconds .

========================================================================
Received Prepare
Registering precompiled user dll's ...
Registered in 0.004176 seconds.
Begin MonoManager ReloadAssembly
Native extension for WindowsStandalone target not found
Refreshing native plugins compatible for Editor in 1.01 ms, found 2 plugins.
Preloading 0 native plugins for Editor in 0.00 ms.
Mono: successfully reloaded assembly
- Completed reload, in  3.742 seconds
Platform modules already initialized, skipping
Refreshing native plugins compatible for Editor in 0.90 ms, found 2 plugins.
Preloading 0 native plugins for Editor in 0.00 ms.
Unloading 1387 Unused Serialized files (Serialized files now loaded: 0)
System memory in use before: 68.3 MB.
System memory in use after: 68.4 MB.

Unloading 14 unused Assets to reduce memory usage. Loaded Objects now: 1908.
Total: 5.802600 ms (FindLiveObjects: 0.419200 ms CreateObjectMapping: 0.106000 ms MarkObjects: 5.126400 ms  DeleteObjects: 0.147700 ms)

AssetImportParameters requested are different than current active one (requested -> active):
  custom:framework-win-MediaFoundation: 216162199b28c13a410421893ffa2e32 -> 
  custom:video-decoder-ogg-theora: a1e56fd34408186e4bbccfd4996cb3dc -> 
  custom:container-muxer-webm: aa71ff27fc2769a1b78a27578f13a17b -> 
  custom:container-demuxer-webm: 4f35f7cbe854078d1ac9338744f61a02 -> 
  custom:container-demuxer-ogg: 62fdf1f143b41e24485cea50d1cbac27 -> 
  custom:video-encoder-webm-vp8: eb34c28f22e8b96e1ab97ce403110664 -> 
  custom:video-codec-MediaFoundation-h265: 746d11721c4dcdbdad8f713fa42b33f4 -> 
  custom:video-decoder-webm-vp8: 9c59270c3fd7afecdb556c50c9e8de78 -> 
  custom:audio-decoder-ogg-vorbis: bf7c407c2cedff20999df2af8eb42d56 -> 
  custom:audio-encoder-webm-vorbis: bf7c407c2cedff20999df2af8eb42d56 -> 
========================================================================
Received Import Request.
  Time since last request: 412.894702 seconds.
  path: Assets/Materials/SmokePuff.png
  artifactKey: Guid(0caa1226022c2c043a36e9ad41421d1e) Importer(815301076,1909f56bfc062723c751e8b465ee728b)
Start importing Assets/Materials/SmokePuff.png using Guid(0caa1226022c2c043a36e9ad41421d1e) Importer(815301076,1909f56bfc062723c751e8b465ee728b)  -> (artifact id: '81829019351539c81203115e0a9cad8b') in 0.040255 seconds 
  Import took 0.042225 seconds .

========================================================================
Received Import Request.
  Time since last request: 3.863984 seconds.
  path: Assets/Materials/SmokePuffNormal.tif
  artifactKey: Guid(5a91c4b95ac9a43418f745667ba4e5f7) Importer(815301076,1909f56bfc062723c751e8b465ee728b)
Start importing Assets/Materials/SmokePuffNormal.tif using Guid(5a91c4b95ac9a43418f745667ba4e5f7) Importer(815301076,1909f56bfc062723c751e8b465ee728b)  -> (artifact id: '1f1f5890b204df071440e5dc5bac5dce') in 0.020471 seconds 
  Import took 0.023130 seconds .

========================================================================
Received Import Request.
  Time since last request: 31.838627 seconds.
  path: Assets/Materials/SmokePuffNormal.tif
  artifactKey: Guid(5a91c4b95ac9a43418f745667ba4e5f7) Importer(815301076,1909f56bfc062723c751e8b465ee728b)
Start importing Assets/Materials/SmokePuffNormal.tif using Guid(5a91c4b95ac9a43418f745667ba4e5f7) Importer(815301076,1909f56bfc062723c751e8b465ee728b)  -> (artifact id: '68056031f973672bde898fa180be04b1') in 0.111709 seconds 
  Import took 0.114499 seconds .

========================================================================
Received Import Request.
  Time since last request: 7.505348 seconds.
  path: Assets/Materials/Smoke.mat
  artifactKey: Guid(4f75b8e3748018e419bc0a4ddb7425bc) Importer(815301076,1909f56bfc062723c751e8b465ee728b)
Start importing Assets/Materials/Smoke.mat using Guid(4f75b8e3748018e419bc0a4ddb7425bc) Importer(815301076,1909f56bfc062723c751e8b465ee728b)  -> (artifact id: 'b823f7c3177f70e4aa61f0660925a4b2') in 0.031882 seconds 
  Import took 0.033919 seconds .

========================================================================
Received Import Request.
  Time since last request: 125.454634 seconds.
  path: Assets/New Prefab.prefab
  artifactKey: Guid(48f6de83ae1e58f438aae6c522feeab5) Importer(815301076,1909f56bfc062723c751e8b465ee728b)
Start importing Assets/New Prefab.prefab using Guid(48f6de83ae1e58f438aae6c522feeab5) Importer(815301076,1909f56bfc062723c751e8b465ee728b)  -> (artifact id: '3ccfe4a369fde103b162ffe99156f470') in 0.014936 seconds 
  Import took 0.018460 seconds .

========================================================================
Received Import Request.
  Time since last request: 0.004564 seconds.
  path: Assets/New Prefab.prefab
  artifactKey: Guid(48f6de83ae1e58f438aae6c522feeab5) Importer(815301076,1909f56bfc062723c751e8b465ee728b)
Start importing Assets/New Prefab.prefab using Guid(48f6de83ae1e58f438aae6c522feeab5) Importer(815301076,1909f56bfc062723c751e8b465ee728b)  -> (artifact id: '3ccfe4a369fde103b162ffe99156f470') in 0.003439 seconds 
  Import took 0.005441 seconds .

========================================================================
Received Import Request.
  Time since last request: 5.481249 seconds.
  path: Assets/Prefabs
  artifactKey: Guid(935822f8875f7b6418612d63494a6248) Importer(815301076,1909f56bfc062723c751e8b465ee728b)
Start importing Assets/Prefabs using Guid(935822f8875f7b6418612d63494a6248) Importer(815301076,1909f56bfc062723c751e8b465ee728b)  -> (artifact id: '0af953315f943cdea2ec3230e655b5b2') in 0.005684 seconds 
  Import took 0.008136 seconds .

========================================================================
Received Import Request.
  Time since last request: 4.094506 seconds.
  path: Assets/Prefabs/RocketSmoke.prefab
  artifactKey: Guid(bd9271bfa76eca0419c0e8f63083e699) Importer(815301076,1909f56bfc062723c751e8b465ee728b)
Start importing Assets/Prefabs/RocketSmoke.prefab using Guid(bd9271bfa76eca0419c0e8f63083e699) Importer(815301076,1909f56bfc062723c751e8b465ee728b)  -> (artifact id: '662934b0c473ec24fff37b00fcb989b6') in 0.009284 seconds 
  Import took 0.011434 seconds .

========================================================================
Received Import Request.
  Time since last request: 0.006595 seconds.
  path: Assets/Prefabs/RocketSmoke.prefab
  artifactKey: Guid(bd9271bfa76eca0419c0e8f63083e699) Importer(815301076,1909f56bfc062723c751e8b465ee728b)
Start importing Assets/Prefabs/RocketSmoke.prefab using Guid(bd9271bfa76eca0419c0e8f63083e699) Importer(815301076,1909f56bfc062723c751e8b465ee728b)  -> (artifact id: '662934b0c473ec24fff37b00fcb989b6') in 0.003363 seconds 
  Import took 0.005647 seconds .

========================================================================
Received Import Request.
  Time since last request: 12.624120 seconds.
  path: Assets/Prefabs/RocketSmoke.prefab
  artifactKey: Guid(bd9271bfa76eca0419c0e8f63083e699) Importer(815301076,1909f56bfc062723c751e8b465ee728b)
Start importing Assets/Prefabs/RocketSmoke.prefab using Guid(bd9271bfa76eca0419c0e8f63083e699) Importer(815301076,1909f56bfc062723c751e8b465ee728b)  -> (artifact id: '1f6f6c80fc70ca84a256cc1ed9005c75') in 0.004827 seconds 
  Import took 0.007027 seconds .

========================================================================
Received Import Request.
  Time since last request: 0.004397 seconds.
  path: Assets/Prefabs/RocketSmoke.prefab
  artifactKey: Guid(bd9271bfa76eca0419c0e8f63083e699) Importer(815301076,1909f56bfc062723c751e8b465ee728b)
Start importing Assets/Prefabs/RocketSmoke.prefab using Guid(bd9271bfa76eca0419c0e8f63083e699) Importer(815301076,1909f56bfc062723c751e8b465ee728b)  -> (artifact id: '1f6f6c80fc70ca84a256cc1ed9005c75') in 0.003418 seconds 
  Import took 0.005468 seconds .

========================================================================
Received Import Request.
  Time since last request: 3.019912 seconds.
  path: Assets/Prefabs/RocketSmoke.prefab
  artifactKey: Guid(bd9271bfa76eca0419c0e8f63083e699) Importer(815301076,1909f56bfc062723c751e8b465ee728b)
Start importing Assets/Prefabs/RocketSmoke.prefab using Guid(bd9271bfa76eca0419c0e8f63083e699) Importer(815301076,1909f56bfc062723c751e8b465ee728b)  -> (artifact id: '46aefdb5ca8dc638138cddbca0c81737') in 0.004571 seconds 
  Import took 0.007754 seconds .

========================================================================
Received Import Request.
  Time since last request: 0.004379 seconds.
  path: Assets/Prefabs/RocketSmoke.prefab
  artifactKey: Guid(bd9271bfa76eca0419c0e8f63083e699) Importer(815301076,1909f56bfc062723c751e8b465ee728b)
Start importing Assets/Prefabs/RocketSmoke.prefab using Guid(bd9271bfa76eca0419c0e8f63083e699) Importer(815301076,1909f56bfc062723c751e8b465ee728b)  -> (artifact id: '46aefdb5ca8dc638138cddbca0c81737') in 0.003311 seconds 
  Import took 0.005668 seconds .

========================================================================
Received Import Request.
  Time since last request: 51.338000 seconds.
  path: Assets/Prefabs/RocketSmoke.prefab
  artifactKey: Guid(bd9271bfa76eca0419c0e8f63083e699) Importer(815301076,1909f56bfc062723c751e8b465ee728b)
Start importing Assets/Prefabs/RocketSmoke.prefab using Guid(bd9271bfa76eca0419c0e8f63083e699) Importer(815301076,1909f56bfc062723c751e8b465ee728b)  -> (artifact id: 'ea9559adf3def7b3691016e03e73be5a') in 0.003760 seconds 
  Import took 0.006046 seconds .

========================================================================
Received Import Request.
  Time since last request: 19.894428 seconds.
  path: Assets/Prefabs/RocketSmoke.prefab
  artifactKey: Guid(bd9271bfa76eca0419c0e8f63083e699) Importer(815301076,1909f56bfc062723c751e8b465ee728b)
Start importing Assets/Prefabs/RocketSmoke.prefab using Guid(bd9271bfa76eca0419c0e8f63083e699) Importer(815301076,1909f56bfc062723c751e8b465ee728b)  -> (artifact id: '25a77033d3c3542260d00dcbcc1df2b3') in 0.004580 seconds 
  Import took 0.007125 seconds .

========================================================================
Received Import Request.
  Time since last request: 8.311467 seconds.
  path: Assets/Prefabs/RocketSmoke.prefab
  artifactKey: Guid(bd9271bfa76eca0419c0e8f63083e699) Importer(815301076,1909f56bfc062723c751e8b465ee728b)
Start importing Assets/Prefabs/RocketSmoke.prefab using Guid(bd9271bfa76eca0419c0e8f63083e699) Importer(815301076,1909f56bfc062723c751e8b465ee728b)  -> (artifact id: 'f704c487f4cb20d669acc5162006eed5') in 0.003296 seconds 
  Import took 0.005360 seconds .

========================================================================
Received Import Request.
  Time since last request: 1.811693 seconds.
  path: Assets/Prefabs/RocketSmoke.prefab
  artifactKey: Guid(bd9271bfa76eca0419c0e8f63083e699) Importer(815301076,1909f56bfc062723c751e8b465ee728b)
Start importing Assets/Prefabs/RocketSmoke.prefab using Guid(bd9271bfa76eca0419c0e8f63083e699) Importer(815301076,1909f56bfc062723c751e8b465ee728b)  -> (artifact id: '999e28b4cd506a9cad90dcaad7230493') in 0.003295 seconds 
  Import took 0.005311 seconds .

========================================================================
Received Import Request.
  Time since last request: 44.004085 seconds.
  path: Assets/Prefabs/RocketSmoke.prefab
  artifactKey: Guid(bd9271bfa76eca0419c0e8f63083e699) Importer(815301076,1909f56bfc062723c751e8b465ee728b)
Start importing Assets/Prefabs/RocketSmoke.prefab using Guid(bd9271bfa76eca0419c0e8f63083e699) Importer(815301076,1909f56bfc062723c751e8b465ee728b)  -> (artifact id: '3fc59f048a57640001602c1796101977') in 0.003729 seconds 
  Import took 0.006234 seconds .

========================================================================
Received Import Request.
  Time since last request: 35.879108 seconds.
  path: Assets/Prefabs/RocketSmoke.prefab
  artifactKey: Guid(bd9271bfa76eca0419c0e8f63083e699) Importer(815301076,1909f56bfc062723c751e8b465ee728b)
Start importing Assets/Prefabs/RocketSmoke.prefab using Guid(bd9271bfa76eca0419c0e8f63083e699) Importer(815301076,1909f56bfc062723c751e8b465ee728b)  -> (artifact id: '373d286081327ee9145b37400f4d1af4') in 0.014636 seconds 
  Import took 0.022366 seconds .

========================================================================
Received Import Request.
  Time since last request: 6.744094 seconds.
  path: Assets/Prefabs/RocketSmoke.prefab
  artifactKey: Guid(bd9271bfa76eca0419c0e8f63083e699) Importer(815301076,1909f56bfc062723c751e8b465ee728b)
Start importing Assets/Prefabs/RocketSmoke.prefab using Guid(bd9271bfa76eca0419c0e8f63083e699) Importer(815301076,1909f56bfc062723c751e8b465ee728b)  -> (artifact id: '6253c098f4858cce4922075a152007f5') in 0.020107 seconds 
  Import took 0.032351 seconds .

========================================================================
Received Import Request.
  Time since last request: 54.096834 seconds.
  path: Assets/Prefabs/RocketSmoke.prefab
  artifactKey: Guid(bd9271bfa76eca0419c0e8f63083e699) Importer(815301076,1909f56bfc062723c751e8b465ee728b)
Start importing Assets/Prefabs/RocketSmoke.prefab using Guid(bd9271bfa76eca0419c0e8f63083e699) Importer(815301076,1909f56bfc062723c751e8b465ee728b)  -> (artifact id: '13b651148e1de3a5f9b2a048e82e3dc6') in 0.003368 seconds 
  Import took 0.005502 seconds .

========================================================================
Received Import Request.
  Time since last request: 14.347361 seconds.
  path: Assets/Prefabs/RocketSmoke.prefab
  artifactKey: Guid(bd9271bfa76eca0419c0e8f63083e699) Importer(815301076,1909f56bfc062723c751e8b465ee728b)
Start importing Assets/Prefabs/RocketSmoke.prefab using Guid(bd9271bfa76eca0419c0e8f63083e699) Importer(815301076,1909f56bfc062723c751e8b465ee728b)  -> (artifact id: 'f69afc3ee260f614ae21fcfb45285421') in 0.008401 seconds 
  Import took 0.013473 seconds .

========================================================================
Received Import Request.
  Time since last request: 4.645601 seconds.
  path: Assets/Prefabs/RocketSmoke.prefab
  artifactKey: Guid(bd9271bfa76eca0419c0e8f63083e699) Importer(815301076,1909f56bfc062723c751e8b465ee728b)
Start importing Assets/Prefabs/RocketSmoke.prefab using Guid(bd9271bfa76eca0419c0e8f63083e699) Importer(815301076,1909f56bfc062723c751e8b465ee728b)  -> (artifact id: '3862e13f671286bc9c1a8447005ab8a9') in 0.005957 seconds 
  Import took 0.009162 seconds .

========================================================================
Received Import Request.
  Time since last request: 25.760123 seconds.
  path: Assets/Prefabs/RocketSmoke.prefab
  artifactKey: Guid(bd9271bfa76eca0419c0e8f63083e699) Importer(815301076,1909f56bfc062723c751e8b465ee728b)
Start importing Assets/Prefabs/RocketSmoke.prefab using Guid(bd9271bfa76eca0419c0e8f63083e699) Importer(815301076,1909f56bfc062723c751e8b465ee728b)  -> (artifact id: 'b96e0eb2315ed83e8ed5aef485c54cd9') in 0.006083 seconds 
  Import took 0.009822 seconds .

========================================================================
Received Import Request.
  Time since last request: 16.015702 seconds.
  path: Assets/Prefabs/RocketSmoke.prefab
  artifactKey: Guid(bd9271bfa76eca0419c0e8f63083e699) Importer(815301076,1909f56bfc062723c751e8b465ee728b)
Start importing Assets/Prefabs/RocketSmoke.prefab using Guid(bd9271bfa76eca0419c0e8f63083e699) Importer(815301076,1909f56bfc062723c751e8b465ee728b)  -> (artifact id: 'c972271fdddc455302285d0ced3d0d58') in 0.010849 seconds 
  Import took 0.017479 seconds .

========================================================================
Received Prepare
Registering precompiled user dll's ...
Registered in 0.004175 seconds.
Begin MonoManager ReloadAssembly
Native extension for WindowsStandalone target not found
Refreshing native plugins compatible for Editor in 1.31 ms, found 2 plugins.
Preloading 0 native plugins for Editor in 0.00 ms.
Mono: successfully reloaded assembly
- Completed reload, in  3.947 seconds
Platform modules already initialized, skipping
Refreshing native plugins compatible for Editor in 0.55 ms, found 2 plugins.
Preloading 0 native plugins for Editor in 0.00 ms.
Unloading 1387 Unused Serialized files (Serialized files now loaded: 0)
System memory in use before: 68.4 MB.
System memory in use after: 68.4 MB.

Unloading 14 unused Assets to reduce memory usage. Loaded Objects now: 1914.
Total: 6.576100 ms (FindLiveObjects: 0.442400 ms CreateObjectMapping: 0.143300 ms MarkObjects: 5.805200 ms  DeleteObjects: 0.181000 ms)

AssetImportParameters requested are different than current active one (requested -> active):
  custom:framework-win-MediaFoundation: 216162199b28c13a410421893ffa2e32 -> 
  custom:video-decoder-ogg-theora: a1e56fd34408186e4bbccfd4996cb3dc -> 
  custom:container-muxer-webm: aa71ff27fc2769a1b78a27578f13a17b -> 
  custom:container-demuxer-webm: 4f35f7cbe854078d1ac9338744f61a02 -> 
  custom:container-demuxer-ogg: 62fdf1f143b41e24485cea50d1cbac27 -> 
  custom:video-encoder-webm-vp8: eb34c28f22e8b96e1ab97ce403110664 -> 
  custom:video-codec-MediaFoundation-h265: 746d11721c4dcdbdad8f713fa42b33f4 -> 
  custom:video-decoder-webm-vp8: 9c59270c3fd7afecdb556c50c9e8de78 -> 
  custom:audio-decoder-ogg-vorbis: bf7c407c2cedff20999df2af8eb42d56 -> 
  custom:audio-encoder-webm-vorbis: bf7c407c2cedff20999df2af8eb42d56 -> 
========================================================================
Received Import Request.
  Time since last request: 26.295153 seconds.
  path: Assets/Prefabs/RocketSmoke.prefab
  artifactKey: Guid(bd9271bfa76eca0419c0e8f63083e699) Importer(815301076,1909f56bfc062723c751e8b465ee728b)
Start importing Assets/Prefabs/RocketSmoke.prefab using Guid(bd9271bfa76eca0419c0e8f63083e699) Importer(815301076,1909f56bfc062723c751e8b465ee728b)  -> (artifact id: '565e2c2cbda4125ec03f062dfc36e940') in 0.072857 seconds 
  Import took 0.079475 seconds .

========================================================================
Received Import Request.
  Time since last request: 30.853775 seconds.
  path: Assets/Prefabs/RocketSmoke.prefab
  artifactKey: Guid(bd9271bfa76eca0419c0e8f63083e699) Importer(815301076,1909f56bfc062723c751e8b465ee728b)
Start importing Assets/Prefabs/RocketSmoke.prefab using Guid(bd9271bfa76eca0419c0e8f63083e699) Importer(815301076,1909f56bfc062723c751e8b465ee728b)  -> (artifact id: '1e3f65d5506585e462fe8a15fa777e3f') in 0.004341 seconds 
  Import took 0.006531 seconds .

========================================================================
Received Import Request.
  Time since last request: 6.375364 seconds.
  path: Assets/Prefabs/RocketSmoke.prefab
  artifactKey: Guid(bd9271bfa76eca0419c0e8f63083e699) Importer(815301076,1909f56bfc062723c751e8b465ee728b)
Start importing Assets/Prefabs/RocketSmoke.prefab using Guid(bd9271bfa76eca0419c0e8f63083e699) Importer(815301076,1909f56bfc062723c751e8b465ee728b)  -> (artifact id: '407d40ac6cdc6bdbcc02435c0381f0c5') in 0.003403 seconds 
  Import took 0.005423 seconds .

========================================================================
Received Import Request.
  Time since last request: 16.957214 seconds.
  path: Assets/Prefabs/RocketSmoke.prefab
  artifactKey: Guid(bd9271bfa76eca0419c0e8f63083e699) Importer(815301076,1909f56bfc062723c751e8b465ee728b)
Start importing Assets/Prefabs/RocketSmoke.prefab using Guid(bd9271bfa76eca0419c0e8f63083e699) Importer(815301076,1909f56bfc062723c751e8b465ee728b)  -> (artifact id: 'aa44845ca5dc3710266fcd6a24429771') in 0.011852 seconds 
  Import took 0.017996 seconds .

========================================================================
Received Prepare
Registering precompiled user dll's ...
Registered in 0.002140 seconds.
Begin MonoManager ReloadAssembly
Native extension for WindowsStandalone target not found
Refreshing native plugins compatible for Editor in 0.37 ms, found 2 plugins.
Preloading 0 native plugins for Editor in 0.00 ms.
Mono: successfully reloaded assembly
- Completed reload, in  0.768 seconds
Platform modules already initialized, skipping
Refreshing native plugins compatible for Editor in 0.23 ms, found 2 plugins.
Preloading 0 native plugins for Editor in 0.00 ms.
Unloading 1387 Unused Serialized files (Serialized files now loaded: 0)
System memory in use before: 68.4 MB.
System memory in use after: 68.5 MB.

Unloading 14 unused Assets to reduce memory usage. Loaded Objects now: 1917.
Total: 1.613500 ms (FindLiveObjects: 0.097800 ms CreateObjectMapping: 0.024900 ms MarkObjects: 1.428900 ms  DeleteObjects: 0.060900 ms)

AssetImportParameters requested are different than current active one (requested -> active):
  custom:framework-win-MediaFoundation: 216162199b28c13a410421893ffa2e32 -> 
  custom:video-decoder-ogg-theora: a1e56fd34408186e4bbccfd4996cb3dc -> 
  custom:container-muxer-webm: aa71ff27fc2769a1b78a27578f13a17b -> 
  custom:container-demuxer-webm: 4f35f7cbe854078d1ac9338744f61a02 -> 
  custom:container-demuxer-ogg: 62fdf1f143b41e24485cea50d1cbac27 -> 
  custom:video-encoder-webm-vp8: eb34c28f22e8b96e1ab97ce403110664 -> 
  custom:video-codec-MediaFoundation-h265: 746d11721c4dcdbdad8f713fa42b33f4 -> 
  custom:video-decoder-webm-vp8: 9c59270c3fd7afecdb556c50c9e8de78 -> 
  custom:audio-decoder-ogg-vorbis: bf7c407c2cedff20999df2af8eb42d56 -> 
  custom:audio-encoder-webm-vorbis: bf7c407c2cedff20999df2af8eb42d56 -> 
========================================================================
Received Prepare
Registering precompiled user dll's ...
Registered in 0.003562 seconds.
Begin MonoManager ReloadAssembly
Native extension for WindowsStandalone target not found
Refreshing native plugins compatible for Editor in 0.86 ms, found 2 plugins.
Preloading 0 native plugins for Editor in 0.00 ms.
Mono: successfully reloaded assembly
- Completed reload, in  2.299 seconds
Platform modules already initialized, skipping
Refreshing native plugins compatible for Editor in 0.91 ms, found 2 plugins.
Preloading 0 native plugins for Editor in 0.00 ms.
Unloading 1387 Unused Serialized files (Serialized files now loaded: 0)
System memory in use before: 68.4 MB.
System memory in use after: 68.5 MB.

Unloading 14 unused Assets to reduce memory usage. Loaded Objects now: 1920.
Total: 8.293900 ms (FindLiveObjects: 0.312500 ms CreateObjectMapping: 0.092500 ms MarkObjects: 7.747300 ms  DeleteObjects: 0.138100 ms)

AssetImportParameters requested are different than current active one (requested -> active):
  custom:framework-win-MediaFoundation: 216162199b28c13a410421893ffa2e32 -> 
  custom:video-decoder-ogg-theora: a1e56fd34408186e4bbccfd4996cb3dc -> 
  custom:container-muxer-webm: aa71ff27fc2769a1b78a27578f13a17b -> 
  custom:container-demuxer-webm: 4f35f7cbe854078d1ac9338744f61a02 -> 
  custom:container-demuxer-ogg: 62fdf1f143b41e24485cea50d1cbac27 -> 
  custom:video-encoder-webm-vp8: eb34c28f22e8b96e1ab97ce403110664 -> 
  custom:video-codec-MediaFoundation-h265: 746d11721c4dcdbdad8f713fa42b33f4 -> 
  custom:video-decoder-webm-vp8: 9c59270c3fd7afecdb556c50c9e8de78 -> 
  custom:audio-decoder-ogg-vorbis: bf7c407c2cedff20999df2af8eb42d56 -> 
  custom:audio-encoder-webm-vorbis: bf7c407c2cedff20999df2af8eb42d56 -> 
========================================================================
Received Prepare
Registering precompiled user dll's ...
Registered in 0.002293 seconds.
Begin MonoManager ReloadAssembly
Native extension for WindowsStandalone target not found
Refreshing native plugins compatible for Editor in 0.25 ms, found 2 plugins.
Preloading 0 native plugins for Editor in 0.00 ms.
Mono: successfully reloaded assembly
- Completed reload, in  0.768 seconds
Platform modules already initialized, skipping
Refreshing native plugins compatible for Editor in 0.49 ms, found 2 plugins.
Preloading 0 native plugins for Editor in 0.00 ms.
Unloading 1387 Unused Serialized files (Serialized files now loaded: 0)
System memory in use before: 68.4 MB.
System memory in use after: 68.5 MB.

Unloading 14 unused Assets to reduce memory usage. Loaded Objects now: 1923.
Total: 1.497000 ms (FindLiveObjects: 0.106300 ms CreateObjectMapping: 0.026100 ms MarkObjects: 1.300100 ms  DeleteObjects: 0.063200 ms)

AssetImportParameters requested are different than current active one (requested -> active):
  custom:framework-win-MediaFoundation: 216162199b28c13a410421893ffa2e32 -> 
  custom:video-decoder-ogg-theora: a1e56fd34408186e4bbccfd4996cb3dc -> 
  custom:container-muxer-webm: aa71ff27fc2769a1b78a27578f13a17b -> 
  custom:container-demuxer-webm: 4f35f7cbe854078d1ac9338744f61a02 -> 
  custom:container-demuxer-ogg: 62fdf1f143b41e24485cea50d1cbac27 -> 
  custom:video-encoder-webm-vp8: eb34c28f22e8b96e1ab97ce403110664 -> 
  custom:video-codec-MediaFoundation-h265: 746d11721c4dcdbdad8f713fa42b33f4 -> 
  custom:video-decoder-webm-vp8: 9c59270c3fd7afecdb556c50c9e8de78 -> 
  custom:audio-decoder-ogg-vorbis: bf7c407c2cedff20999df2af8eb42d56 -> 
  custom:audio-encoder-webm-vorbis: bf7c407c2cedff20999df2af8eb42d56 -> 
========================================================================
Received Prepare
Registering precompiled user dll's ...
Registered in 0.005116 seconds.
Begin MonoManager ReloadAssembly
Native extension for WindowsStandalone target not found
Refreshing native plugins compatible for Editor in 0.56 ms, found 2 plugins.
Preloading 0 native plugins for Editor in 0.00 ms.
Mono: successfully reloaded assembly
- Completed reload, in  1.384 seconds
Platform modules already initialized, skipping
Refreshing native plugins compatible for Editor in 0.38 ms, found 2 plugins.
Preloading 0 native plugins for Editor in 0.00 ms.
Unloading 1387 Unused Serialized files (Serialized files now loaded: 0)
System memory in use before: 68.4 MB.
System memory in use after: 68.5 MB.

Unloading 14 unused Assets to reduce memory usage. Loaded Objects now: 1926.
Total: 3.560000 ms (FindLiveObjects: 0.128900 ms CreateObjectMapping: 0.209400 ms MarkObjects: 3.131800 ms  DeleteObjects: 0.088400 ms)

AssetImportParameters requested are different than current active one (requested -> active):
  custom:framework-win-MediaFoundation: 216162199b28c13a410421893ffa2e32 -> 
  custom:video-decoder-ogg-theora: a1e56fd34408186e4bbccfd4996cb3dc -> 
  custom:container-muxer-webm: aa71ff27fc2769a1b78a27578f13a17b -> 
  custom:container-demuxer-webm: 4f35f7cbe854078d1ac9338744f61a02 -> 
  custom:container-demuxer-ogg: 62fdf1f143b41e24485cea50d1cbac27 -> 
  custom:video-encoder-webm-vp8: eb34c28f22e8b96e1ab97ce403110664 -> 
  custom:video-codec-MediaFoundation-h265: 746d11721c4dcdbdad8f713fa42b33f4 -> 
  custom:video-decoder-webm-vp8: 9c59270c3fd7afecdb556c50c9e8de78 -> 
  custom:audio-decoder-ogg-vorbis: bf7c407c2cedff20999df2af8eb42d56 -> 
  custom:audio-encoder-webm-vorbis: bf7c407c2cedff20999df2af8eb42d56 -> 
AssetImportWorkerClient::OnTransportError - code=2 error=End of file
